[INFO] 2020/09/10 17:12:12: ---------------------------------
Terminal
       Welcome!
---------------------------------
  
[INFO] 2020/09/10 17:12:12: Terminal Starting... 
[INFO] 2020/09/10 17:12:13: 
[PluginSystem] 当前终端已安装了 1 个插件，初始化中... 
[INFO] 2020/09/10 17:12:13: [TestPlugin] Loading... 
[INFO] 2020/09/10 17:12:13: 加载中... 
[INFO] 2020/09/10 17:12:13: [Terminal] 创建监听连接进程完毕！ 
[INFO] 2020/09/10 17:12:13: 加载完毕！ author by May_Block 
[INFO] 2020/09/10 17:12:13: [TestPlugin] Loaded! 
[INFO] 2020/09/10 17:12:13: [Terminal] 终端已全部初始化完毕！ (Version: 0.1.1)
  
[INFO] 2020/09/10 17:12:13: [Terminal] 你可输入命令 "help" 获取命令帮助 
[INFO] 2020/09/10 17:12:13: [Terminal] 输入命令 "stop" 可以安全关闭Terminal！ 
[INFO] 2020/09/10 17:12:39: 
#---------- 所有命令帮助 ----------# 
[INFO] 2020/09/10 17:12:39: byte - 向外部发送一条byte信息 
[INFO] 2020/09/10 17:12:39: connect - 查看当前所有已连接的终端数量 
[INFO] 2020/09/10 17:12:39: debug - 打开/关闭DEBUG模式 
[INFO] 2020/09/10 17:12:39: help - 获取所有命令帮助 
[INFO] 2020/09/10 17:12:39: plugins - 查看当前所有已加载插件 
[INFO] 2020/09/10 17:12:39: reload - 重载所有配置文件（部分配置需要重启终端才能生效） 
[INFO] 2020/09/10 17:12:39: shell - 远程发送数据至现以连接至终端的远程服务器 
[INFO] 2020/09/10 17:12:39: stop - 关闭终端并退出 
[INFO] 2020/09/10 17:12:39: system - 对系统进行操作 
[INFO] 2020/09/10 17:12:39: testplugin - testplugin command 
[INFO] 2020/09/10 17:12:39: 
小提示：输入"help <命令>"可以查看该命令的详细用法哦
 
[INFO] 2020/09/10 17:12:44: 用法：shell help 
[INFO] 2020/09/10 17:12:46: ---- shell 命令用法 ---- 
[INFO] 2020/09/10 17:12:46:  
[INFO] 2020/09/10 17:12:46: shell help - 查看Remote命令所有帮助 
[INFO] 2020/09/10 17:12:46: shell help operate - 查看所有的可执行操作 
[INFO] 2020/09/10 17:12:46: shell <id> <operate> - 执行指定操作 
[INFO] 2020/09/10 17:12:46: shell <id> add <byte> - 添加自定义Byte数据 
[INFO] 2020/09/10 17:12:46: shell <id> send - 添加自定义String数据 
[INFO] 2020/09/10 17:15:17: [Server Thread] [127.0.0.1/0] 与终端连接！ 
[INFO] 2020/09/10 17:15:17: [Server Thread] [127.0.0.1/0] 与终端连接！ 
[INFO] 2020/09/10 17:15:30: [Server Thread] [127.0.0.1/1] 与终端连接！ 
[INFO] 2020/09/10 17:15:34: 已开启 DEBUG 模式 
[INFO] 2020/09/10 17:15:34: [DEBUG] 执行了命令：debug 
[INFO] 2020/09/10 17:15:38: [Server Thread] [127.0.0.1/2] 与终端连接！ 
[INFO] 2020/09/10 17:15:47: [Server Thread] [DEBUG] [127.0.0.1/0] 发送心跳包 
[INFO] 2020/09/10 17:15:47: [Server Thread] [DEBUG] [127.0.0.1/0] 发送心跳包 
[INFO] 2020/09/10 17:16:00: [Server Thread] [DEBUG] [127.0.0.1/1] 发送心跳包 
[INFO] 2020/09/10 17:16:00: [Server Thread] [127.0.0.1/3] 与终端连接！ 
[INFO] 2020/09/10 17:16:08: [Server Thread] [DEBUG] [127.0.0.1/2] 发送心跳包 
[INFO] 2020/09/10 17:16:13: [Server Thread] [127.0.0.1/4] 与终端连接！ 
[INFO] 2020/09/10 17:16:17: [Server Thread] [127.0.0.1/0] 断开连接！ ( java.net.SocketException: Software caused connection abort: socket write error ) 
[INFO] 2020/09/10 17:16:17: [Server Thread] [127.0.0.1/0] 断开连接！ ( java.net.SocketException: Software caused connection abort: socket write error ) 
[INFO] 2020/09/10 17:16:21: [Server Thread] [127.0.0.1/0] 断开连接！ ( disconnect ) 
[INFO] 2020/09/10 17:16:21: 
[Terminal/ERROR] 发生错误，以下为错误报告
[Terminal/ERROR] 错误名称：Software caused connection abort: socket write error
[Terminal/ERROR] 发生的类：cn.newcraft.terminal.operate.DisconnectOperate
[Terminal/ERROR] 发生时间：2020年09月10日 17:16:21

[Terminal/ERROR] 异常输出：
java.net.SocketException: Software caused connection abort: socket write error
	at java.net.SocketOutputStream.socketWrite0(Native Method)
	at java.net.SocketOutputStream.socketWrite(Unknown Source)
	at java.net.SocketOutputStream.write(Unknown Source)
	at cn.newcraft.terminal.thread.Sender.sendByte(Sender.java:66)
	at cn.newcraft.terminal.thread.packet.DisconnectPacket.onPacket(DisconnectPacket.java:32)
	at cn.newcraft.terminal.thread.Sender.sendPacket(Sender.java:46)
	at cn.newcraft.terminal.operate.DisconnectOperate.onOperate(DisconnectOperate.java:19)
	at cn.newcraft.terminal.command.ShellCommand.onCommand(ShellCommand.java:77)
	at cn.newcraft.terminal.console.SendCommand.<init>(SendCommand.java:15)
	at cn.newcraft.terminal.screen.GraphicalScreen.lambda$onScreen$0(GraphicalScreen.java:105)
	at javax.swing.JTextField.fireActionPerformed(Unknown Source)
	at javax.swing.JTextField.postActionEvent(Unknown Source)
	at javax.swing.JTextField$NotifyAction.actionPerformed(Unknown Source)
	at javax.swing.SwingUtilities.notifyAction(Unknown Source)
	at javax.swing.JComponent.processKeyBinding(Unknown Source)
	at javax.swing.JComponent.processKeyBindings(Unknown Source)
	at javax.swing.JComponent.processKeyEvent(Unknown Source)
	at java.awt.Component.processEvent(Unknown Source)
	at java.awt.Container.processEvent(Unknown Source)
	at java.awt.Component.dispatchEventImpl(Unknown Source)
	at java.awt.Container.dispatchEventImpl(Unknown Source)
	at java.awt.Component.dispatchEvent(Unknown Source)
	at java.awt.KeyboardFocusManager.redispatchEvent(Unknown Source)
	at java.awt.DefaultKeyboardFocusManager.dispatchKeyEvent(Unknown Source)
	at java.awt.DefaultKeyboardFocusManager.preDispatchKeyEvent(Unknown Source)
	at java.awt.DefaultKeyboardFocusManager.typeAheadAssertions(Unknown Source)
	at java.awt.DefaultKeyboardFocusManager.dispatchEvent(Unknown Source)
	at java.awt.Component.dispatchEventImpl(Unknown Source)
	at java.awt.Container.dispatchEventImpl(Unknown Source)
	at java.awt.Window.dispatchEventImpl(Unknown Source)
	at java.awt.Component.dispatchEvent(Unknown Source)
	at java.awt.EventQueue.dispatchEventImpl(Unknown Source)
	at java.awt.EventQueue.access$500(Unknown Source)
	at java.awt.EventQueue$3.run(Unknown Source)
	at java.awt.EventQueue$3.run(Unknown Source)
	at java.security.AccessController.doPrivileged(Native Method)
	at java.security.ProtectionDomain$JavaSecurityAccessImpl.doIntersectionPrivilege(Unknown Source)
	at java.security.ProtectionDomain$JavaSecurityAccessImpl.doIntersectionPrivilege(Unknown Source)
	at java.awt.EventQueue$4.run(Unknown Source)
	at java.awt.EventQueue$4.run(Unknown Source)
	at java.security.AccessController.doPrivileged(Native Method)
	at java.security.ProtectionDomain$JavaSecurityAccessImpl.doIntersectionPrivilege(Unknown Source)
	at java.awt.EventQueue.dispatchEvent(Unknown Source)
	at java.awt.EventDispatchThread.pumpOneEventForFilters(Unknown Source)
	at java.awt.EventDispatchThread.pumpEventsForFilter(Unknown Source)
	at java.awt.EventDispatchThread.pumpEventsForHierarchy(Unknown Source)
	at java.awt.EventDispatchThread.pumpEvents(Unknown Source)
	at java.awt.EventDispatchThread.pumpEvents(Unknown Source)
	at java.awt.EventDispatchThread.run(Unknown Source)
 
[INFO] 2020/09/10 17:16:21: [DEBUG] 执行了命令：shell 0 [disconnect] 
[INFO] 2020/09/10 17:16:25: [Server Thread] [127.0.0.1/0] 断开连接！ ( disconnect ) 
[INFO] 2020/09/10 17:16:25: 
[Terminal/ERROR] 发生错误，以下为错误报告
[Terminal/ERROR] 错误名称：Software caused connection abort: socket write error
[Terminal/ERROR] 发生的类：cn.newcraft.terminal.operate.DisconnectOperate
[Terminal/ERROR] 发生时间：2020年09月10日 17:16:25

[Terminal/ERROR] 异常输出：
java.net.SocketException: Software caused connection abort: socket write error
	at java.net.SocketOutputStream.socketWrite0(Native Method)
	at java.net.SocketOutputStream.socketWrite(Unknown Source)
	at java.net.SocketOutputStream.write(Unknown Source)
	at cn.newcraft.terminal.thread.Sender.sendByte(Sender.java:66)
	at cn.newcraft.terminal.thread.packet.DisconnectPacket.onPacket(DisconnectPacket.java:32)
	at cn.newcraft.terminal.thread.Sender.sendPacket(Sender.java:46)
	at cn.newcraft.terminal.operate.DisconnectOperate.onOperate(DisconnectOperate.java:19)
	at cn.newcraft.terminal.command.ShellCommand.onCommand(ShellCommand.java:77)
	at cn.newcraft.terminal.console.SendCommand.<init>(SendCommand.java:15)
	at cn.newcraft.terminal.screen.GraphicalScreen.lambda$onScreen$0(GraphicalScreen.java:105)
	at javax.swing.JTextField.fireActionPerformed(Unknown Source)
	at javax.swing.JTextField.postActionEvent(Unknown Source)
	at javax.swing.JTextField$NotifyAction.actionPerformed(Unknown Source)
	at javax.swing.SwingUtilities.notifyAction(Unknown Source)
	at javax.swing.JComponent.processKeyBinding(Unknown Source)
	at javax.swing.JComponent.processKeyBindings(Unknown Source)
	at javax.swing.JComponent.processKeyEvent(Unknown Source)
	at java.awt.Component.processEvent(Unknown Source)
	at java.awt.Container.processEvent(Unknown Source)
	at java.awt.Component.dispatchEventImpl(Unknown Source)
	at java.awt.Container.dispatchEventImpl(Unknown Source)
	at java.awt.Component.dispatchEvent(Unknown Source)
	at java.awt.KeyboardFocusManager.redispatchEvent(Unknown Source)
	at java.awt.DefaultKeyboardFocusManager.dispatchKeyEvent(Unknown Source)
	at java.awt.DefaultKeyboardFocusManager.preDispatchKeyEvent(Unknown Source)
	at java.awt.DefaultKeyboardFocusManager.typeAheadAssertions(Unknown Source)
	at java.awt.DefaultKeyboardFocusManager.dispatchEvent(Unknown Source)
	at java.awt.Component.dispatchEventImpl(Unknown Source)
	at java.awt.Container.dispatchEventImpl(Unknown Source)
	at java.awt.Window.dispatchEventImpl(Unknown Source)
	at java.awt.Component.dispatchEvent(Unknown Source)
	at java.awt.EventQueue.dispatchEventImpl(Unknown Source)
	at java.awt.EventQueue.access$500(Unknown Source)
	at java.awt.EventQueue$3.run(Unknown Source)
	at java.awt.EventQueue$3.run(Unknown Source)
	at java.security.AccessController.doPrivileged(Native Method)
	at java.security.ProtectionDomain$JavaSecurityAccessImpl.doIntersectionPrivilege(Unknown Source)
	at java.security.ProtectionDomain$JavaSecurityAccessImpl.doIntersectionPrivilege(Unknown Source)
	at java.awt.EventQueue$4.run(Unknown Source)
	at java.awt.EventQueue$4.run(Unknown Source)
	at java.security.AccessController.doPrivileged(Native Method)
	at java.security.ProtectionDomain$JavaSecurityAccessImpl.doIntersectionPrivilege(Unknown Source)
	at java.awt.EventQueue.dispatchEvent(Unknown Source)
	at java.awt.EventDispatchThread.pumpOneEventForFilters(Unknown Source)
	at java.awt.EventDispatchThread.pumpEventsForFilter(Unknown Source)
	at java.awt.EventDispatchThread.pumpEventsForHierarchy(Unknown Source)
	at java.awt.EventDispatchThread.pumpEvents(Unknown Source)
	at java.awt.EventDispatchThread.pumpEvents(Unknown Source)
	at java.awt.EventDispatchThread.run(Unknown Source)
 
[INFO] 2020/09/10 17:16:30: [Server Thread] [DEBUG] [127.0.0.1/1] 发送心跳包 
[INFO] 2020/09/10 17:16:30: [Server Thread] [DEBUG] [127.0.0.1/3] 发送心跳包 
[INFO] 2020/09/10 17:16:36: [Server Thread] [127.0.0.1/1] 断开连接！ ( disconnect ) 
[INFO] 2020/09/10 17:16:36: 
[Terminal/ERROR] 发生错误，以下为错误报告
[Terminal/ERROR] 错误名称：Software caused connection abort: socket write error
[Terminal/ERROR] 发生的类：cn.newcraft.terminal.operate.DisconnectOperate
[Terminal/ERROR] 发生时间：2020年09月10日 17:16:36

[Terminal/ERROR] 异常输出：
java.net.SocketException: Software caused connection abort: socket write error
	at java.net.SocketOutputStream.socketWrite0(Native Method)
	at java.net.SocketOutputStream.socketWrite(Unknown Source)
	at java.net.SocketOutputStream.write(Unknown Source)
	at cn.newcraft.terminal.thread.Sender.sendByte(Sender.java:66)
	at cn.newcraft.terminal.thread.packet.DisconnectPacket.onPacket(DisconnectPacket.java:32)
	at cn.newcraft.terminal.thread.Sender.sendPacket(Sender.java:46)
	at cn.newcraft.terminal.operate.DisconnectOperate.onOperate(DisconnectOperate.java:19)
	at cn.newcraft.terminal.command.ShellCommand.onCommand(ShellCommand.java:77)
	at cn.newcraft.terminal.console.SendCommand.<init>(SendCommand.java:15)
	at cn.newcraft.terminal.screen.GraphicalScreen.lambda$onScreen$0(GraphicalScreen.java:105)
	at javax.swing.JTextField.fireActionPerformed(Unknown Source)
	at javax.swing.JTextField.postActionEvent(Unknown Source)
	at javax.swing.JTextField$NotifyAction.actionPerformed(Unknown Source)
	at javax.swing.SwingUtilities.notifyAction(Unknown Source)
	at javax.swing.JComponent.processKeyBinding(Unknown Source)
	at javax.swing.JComponent.processKeyBindings(Unknown Source)
	at javax.swing.JComponent.processKeyEvent(Unknown Source)
	at java.awt.Component.processEvent(Unknown Source)
	at java.awt.Container.processEvent(Unknown Source)
	at java.awt.Component.dispatchEventImpl(Unknown Source)
	at java.awt.Container.dispatchEventImpl(Unknown Source)
	at java.awt.Component.dispatchEvent(Unknown Source)
	at java.awt.KeyboardFocusManager.redispatchEvent(Unknown Source)
	at java.awt.DefaultKeyboardFocusManager.dispatchKeyEvent(Unknown Source)
	at java.awt.DefaultKeyboardFocusManager.preDispatchKeyEvent(Unknown Source)
	at java.awt.DefaultKeyboardFocusManager.typeAheadAssertions(Unknown Source)
	at java.awt.DefaultKeyboardFocusManager.dispatchEvent(Unknown Source)
	at java.awt.Component.dispatchEventImpl(Unknown Source)
	at java.awt.Container.dispatchEventImpl(Unknown Source)
	at java.awt.Window.dispatchEventImpl(Unknown Source)
	at java.awt.Component.dispatchEvent(Unknown Source)
	at java.awt.EventQueue.dispatchEventImpl(Unknown Source)
	at java.awt.EventQueue.access$500(Unknown Source)
	at java.awt.EventQueue$3.run(Unknown Source)
	at java.awt.EventQueue$3.run(Unknown Source)
	at java.security.AccessController.doPrivileged(Native Method)
	at java.security.ProtectionDomain$JavaSecurityAccessImpl.doIntersectionPrivilege(Unknown Source)
	at java.security.ProtectionDomain$JavaSecurityAccessImpl.doIntersectionPrivilege(Unknown Source)
	at java.awt.EventQueue$4.run(Unknown Source)
	at java.awt.EventQueue$4.run(Unknown Source)
	at java.security.AccessController.doPrivileged(Native Method)
	at java.security.ProtectionDomain$JavaSecurityAccessImpl.doIntersectionPrivilege(Unknown Source)
	at java.awt.EventQueue.dispatchEvent(Unknown Source)
	at java.awt.EventDispatchThread.pumpOneEventForFilters(Unknown Source)
	at java.awt.EventDispatchThread.pumpEventsForFilter(Unknown Source)
	at java.awt.EventDispatchThread.pumpEventsForHierarchy(Unknown Source)
	at java.awt.EventDispatchThread.pumpEvents(Unknown Source)
	at java.awt.EventDispatchThread.pumpEvents(Unknown Source)
	at java.awt.EventDispatchThread.run(Unknown Source)
 
[INFO] 2020/09/10 17:16:36: [DEBUG] 执行了命令：shell 1 [disconnect] 
[INFO] 2020/09/10 17:16:38: [Server Thread] [DEBUG] [127.0.0.1/2] 发送心跳包 
[INFO] 2020/09/10 17:16:42: [Server Thread] [127.0.0.1/2] 断开连接！ ( disconnect ) 
[INFO] 2020/09/10 17:16:42: 
[Terminal/ERROR] 发生错误，以下为错误报告
[Terminal/ERROR] 错误名称：Software caused connection abort: socket write error
[Terminal/ERROR] 发生的类：cn.newcraft.terminal.operate.DisconnectOperate
[Terminal/ERROR] 发生时间：2020年09月10日 17:16:42

[Terminal/ERROR] 异常输出：
java.net.SocketException: Software caused connection abort: socket write error
	at java.net.SocketOutputStream.socketWrite0(Native Method)
	at java.net.SocketOutputStream.socketWrite(Unknown Source)
	at java.net.SocketOutputStream.write(Unknown Source)
	at cn.newcraft.terminal.thread.Sender.sendByte(Sender.java:66)
	at cn.newcraft.terminal.thread.packet.DisconnectPacket.onPacket(DisconnectPacket.java:32)
	at cn.newcraft.terminal.thread.Sender.sendPacket(Sender.java:46)
	at cn.newcraft.terminal.operate.DisconnectOperate.onOperate(DisconnectOperate.java:19)
	at cn.newcraft.terminal.command.ShellCommand.onCommand(ShellCommand.java:77)
	at cn.newcraft.terminal.console.SendCommand.<init>(SendCommand.java:15)
	at cn.newcraft.terminal.screen.GraphicalScreen.lambda$onScreen$0(GraphicalScreen.java:105)
	at javax.swing.JTextField.fireActionPerformed(Unknown Source)
	at javax.swing.JTextField.postActionEvent(Unknown Source)
	at javax.swing.JTextField$NotifyAction.actionPerformed(Unknown Source)
	at javax.swing.SwingUtilities.notifyAction(Unknown Source)
	at javax.swing.JComponent.processKeyBinding(Unknown Source)
	at javax.swing.JComponent.processKeyBindings(Unknown Source)
	at javax.swing.JComponent.processKeyEvent(Unknown Source)
	at java.awt.Component.processEvent(Unknown Source)
	at java.awt.Container.processEvent(Unknown Source)
	at java.awt.Component.dispatchEventImpl(Unknown Source)
	at java.awt.Container.dispatchEventImpl(Unknown Source)
	at java.awt.Component.dispatchEvent(Unknown Source)
	at java.awt.KeyboardFocusManager.redispatchEvent(Unknown Source)
	at java.awt.DefaultKeyboardFocusManager.dispatchKeyEvent(Unknown Source)
	at java.awt.DefaultKeyboardFocusManager.preDispatchKeyEvent(Unknown Source)
	at java.awt.DefaultKeyboardFocusManager.typeAheadAssertions(Unknown Source)
	at java.awt.DefaultKeyboardFocusManager.dispatchEvent(Unknown Source)
	at java.awt.Component.dispatchEventImpl(Unknown Source)
	at java.awt.Container.dispatchEventImpl(Unknown Source)
	at java.awt.Window.dispatchEventImpl(Unknown Source)
	at java.awt.Component.dispatchEvent(Unknown Source)
	at java.awt.EventQueue.dispatchEventImpl(Unknown Source)
	at java.awt.EventQueue.access$500(Unknown Source)
	at java.awt.EventQueue$3.run(Unknown Source)
	at java.awt.EventQueue$3.run(Unknown Source)
	at java.security.AccessController.doPrivileged(Native Method)
	at java.security.ProtectionDomain$JavaSecurityAccessImpl.doIntersectionPrivilege(Unknown Source)
	at java.security.ProtectionDomain$JavaSecurityAccessImpl.doIntersectionPrivilege(Unknown Source)
	at java.awt.EventQueue$4.run(Unknown Source)
	at java.awt.EventQueue$4.run(Unknown Source)
	at java.security.AccessController.doPrivileged(Native Method)
	at java.security.ProtectionDomain$JavaSecurityAccessImpl.doIntersectionPrivilege(Unknown Source)
	at java.awt.EventQueue.dispatchEvent(Unknown Source)
	at java.awt.EventDispatchThread.pumpOneEventForFilters(Unknown Source)
	at java.awt.EventDispatchThread.pumpEventsForFilter(Unknown Source)
	at java.awt.EventDispatchThread.pumpEventsForHierarchy(Unknown Source)
	at java.awt.EventDispatchThread.pumpEvents(Unknown Source)
	at java.awt.EventDispatchThread.pumpEvents(Unknown Source)
	at java.awt.EventDispatchThread.run(Unknown Source)
 
[INFO] 2020/09/10 17:16:42: [DEBUG] 执行了命令：shell 2 [disconnect] 
[INFO] 2020/09/10 17:16:43: [Server Thread] [DEBUG] [127.0.0.1/4] 发送心跳包 
[INFO] 2020/09/10 17:16:47: Terminal Stopping... 
[INFO] 2020/09/10 17:16:47: 已卸载！ author by May_Block 
[INFO] 2020/09/10 17:16:47: [DEBUG] 插件 TestPlugin Version: 1.0 MainClass: cn.newcraft.testplugin.Main 已从终端卸载！ 
[INFO] 2020/09/10 17:16:47: [TestPlugin] Disabled! 
[INFO] 2020/09/10 18:06:13: ---------------------------------
Terminal
       Welcome!
---------------------------------
  
[INFO] 2020/09/10 18:06:13: Terminal Starting... 
[INFO] 2020/09/10 18:06:15: 
[PluginSystem] 当前终端已安装了 1 个插件，初始化中... 
[INFO] 2020/09/10 18:06:15: [TestPlugin] Loading... 
[INFO] 2020/09/10 18:06:15: 加载中... 
[INFO] 2020/09/10 18:06:15: [Terminal] 创建监听连接进程完毕！ 
[INFO] 2020/09/10 18:06:15: 加载完毕！ author by May_Block 
[INFO] 2020/09/10 18:06:15: [TestPlugin] Loaded! 
[INFO] 2020/09/10 18:06:15: [Terminal] 终端已全部初始化完毕！ (Version: 0.1.1)
  
[INFO] 2020/09/10 18:06:15: [Terminal] 你可输入命令 "help" 获取命令帮助 
[INFO] 2020/09/10 18:06:15: [Terminal] 输入命令 "stop" 可以安全关闭Terminal！ 
[INFO] 2020/09/10 18:20:45: 
#---------- 所有命令帮助 ----------# 
[INFO] 2020/09/10 18:20:45: byte - 向外部发送一条byte信息 
[INFO] 2020/09/10 18:20:45: connect - 查看当前所有已连接的终端数量 
[INFO] 2020/09/10 18:20:45: debug - 打开/关闭DEBUG模式 
[INFO] 2020/09/10 18:20:45: help - 获取所有命令帮助 
[INFO] 2020/09/10 18:20:45: plugins - 查看当前所有已加载插件 
[INFO] 2020/09/10 18:20:45: reload - 重载所有配置文件（部分配置需要重启终端才能生效） 
[INFO] 2020/09/10 18:20:45: shell - 远程发送数据至现以连接至终端的远程服务器 
[INFO] 2020/09/10 18:20:45: stop - 关闭终端并退出 
[INFO] 2020/09/10 18:20:45: system - 对系统进行操作 
[INFO] 2020/09/10 18:20:45: testplugin - testplugin command 
[INFO] 2020/09/10 18:20:45: 
小提示：输入"help <命令>"可以查看该命令的详细用法哦
 
[INFO] 2020/09/10 18:21:28: [Server Thread] [127.0.0.1/0] 与终端连接！ 
[INFO] 2020/09/10 18:21:50: [Server Thread] [127.0.0.1/1] 与终端连接！ 
[INFO] 2020/09/10 18:22:26: 已开启 DEBUG 模式 
[INFO] 2020/09/10 18:22:26: [DEBUG] 执行了命令：debug 
[INFO] 2020/09/10 18:22:28: [Server Thread] [127.0.0.1/0] 断开连接！ ( java.net.SocketException: Software caused connection abort: socket write error ) 
[INFO] 2020/09/10 18:22:36: [Server Thread] [127.0.0.1/2] 与终端连接！ 
[INFO] 2020/09/10 18:22:50: [Server Thread] [DEBUG] [127.0.0.1/1] 发送心跳包 
[INFO] 2020/09/10 18:23:06: [Server Thread] [DEBUG] [127.0.0.1/2] 发送心跳包 
[INFO] 2020/09/10 18:23:20: [Server Thread] [127.0.0.1/1] 断开连接！ ( java.net.SocketException: Software caused connection abort: socket write error ) 
[INFO] 2020/09/10 18:23:36: [Server Thread] [DEBUG] [127.0.0.1/2] 发送心跳包 
[INFO] 2020/09/10 18:24:06: [Server Thread] [127.0.0.1/2] 断开连接！ ( java.net.SocketException: Software caused connection abort: socket write error ) 
[INFO] 2020/09/10 18:24:42: [Server Thread] [127.0.0.1/0] 与终端连接！ 
[INFO] 2020/09/10 18:25:12: [Server Thread] [DEBUG] [127.0.0.1/0] 发送心跳包 
[INFO] 2020/09/10 18:25:42: [Server Thread] [127.0.0.1/0] 断开连接！ ( java.net.SocketException: Software caused connection abort: socket write error ) 
[INFO] 2020/09/10 18:26:49: [Server Thread] [127.0.0.1/0] 与终端连接！ 
[INFO] 2020/09/10 18:27:15: [Server Thread] [127.0.0.1/3] 与终端连接！ 
[INFO] 2020/09/10 18:27:19: [Server Thread] [127.0.0.1/0] 断开连接！ ( java.net.SocketException: Connection reset by peer: socket write error ) 
[INFO] 2020/09/10 18:27:42: [Server Thread] [127.0.0.1/4] 与终端连接！ 
[INFO] 2020/09/10 18:27:45: [Server Thread] [127.0.0.1/3] 断开连接！ ( java.net.SocketException: Connection reset by peer: socket write error ) 
[INFO] 2020/09/10 18:28:12: [Server Thread] [DEBUG] [127.0.0.1/4] 发送心跳包 
[INFO] 2020/09/10 18:28:18: [Server Thread] [127.0.0.1/5] 与终端连接！ 
[INFO] 2020/09/10 18:28:42: [Server Thread] [127.0.0.1/4] 断开连接！ ( java.net.SocketException: Software caused connection abort: socket write error ) 
[INFO] 2020/09/10 18:28:48: [Server Thread] [DEBUG] [127.0.0.1/5] 发送心跳包 
[INFO] 2020/09/10 18:28:56: [Server Thread] [127.0.0.1/6] 与终端连接！ 
[INFO] 2020/09/10 18:29:18: [Server Thread] [DEBUG] [127.0.0.1/5] 发送心跳包 
[INFO] 2020/09/10 18:29:26: [Server Thread] [DEBUG] [127.0.0.1/6] 发送心跳包 
[INFO] 2020/09/10 18:29:28: [Server Thread] [127.0.0.1/7] 与终端连接！ 
[INFO] 2020/09/10 18:29:37: [Server Thread] [127.0.0.1/8] 与终端连接！ 
[INFO] 2020/09/10 18:29:44: 当前正在连接终端的数量：9 
[INFO] 2020/09/10 18:29:44: [DEBUG] 执行了命令：connect 
[INFO] 2020/09/10 18:29:48: [Server Thread] [127.0.0.1/5] 断开连接！ ( java.net.SocketException: Software caused connection abort: socket write error ) 
[INFO] 2020/09/10 18:29:50: 当前正在连接终端的数量：9 
[INFO] 2020/09/10 18:29:56: [Server Thread] [DEBUG] [127.0.0.1/6] 发送心跳包 
[INFO] 2020/09/10 18:29:58: [Server Thread] [DEBUG] [127.0.0.1/7] 发送心跳包 
[INFO] 2020/09/10 18:30:07: [Server Thread] [DEBUG] [127.0.0.1/8] 发送心跳包 
[INFO] 2020/09/10 18:30:26: [Server Thread] [127.0.0.1/6] 断开连接！ ( java.net.SocketException: Software caused connection abort: socket write error ) 
[INFO] 2020/09/10 18:30:28: [Server Thread] [127.0.0.1/7] 断开连接！ ( java.net.SocketException: Software caused connection abort: socket write error ) 
[INFO] 2020/09/10 18:30:37: [Server Thread] [127.0.0.1/8] 断开连接！ ( java.net.SocketException: Software caused connection abort: socket write error ) 
[INFO] 2020/09/10 18:31:01: [Server Thread] [127.0.0.1/0] 与终端连接！ 
[INFO] 2020/09/10 18:31:31: [Server Thread] [DEBUG] [127.0.0.1/0] 发送心跳包 
[INFO] 2020/09/10 18:31:40: [Server Thread] [127.0.0.1/9] 与终端连接！ 
[INFO] 2020/09/10 18:31:47: 命令不存在，输入 "help" 获取命令帮助 
[INFO] 2020/09/10 18:31:47: [DEBUG] 执行了命令：ww 
[INFO] 2020/09/10 18:31:52: [Server Thread] [127.0.0.1/10] 与终端连接！ 
[INFO] 2020/09/10 18:32:01: [Server Thread] [127.0.0.1/11] 与终端连接！ 
[INFO] 2020/09/10 18:32:01: [Server Thread] [127.0.0.1/0] 断开连接！ ( java.net.SocketException: Software caused connection abort: socket write error ) 
[INFO] 2020/09/10 18:32:07: [Server Thread] [127.0.0.1/12] 与终端连接！ 
[INFO] 2020/09/10 18:32:10: [Server Thread] [DEBUG] [127.0.0.1/9] 发送心跳包 
[INFO] 2020/09/10 18:32:22: [Server Thread] [DEBUG] [127.0.0.1/10] 发送心跳包 
[INFO] 2020/09/10 18:32:31: [Server Thread] [127.0.0.1/11] 断开连接！ ( java.net.SocketException: Connection reset by peer: socket write error ) 
[INFO] 2020/09/10 18:32:37: [Server Thread] [DEBUG] [127.0.0.1/12] 发送心跳包 
[INFO] 2020/09/10 18:32:40: [Server Thread] [127.0.0.1/9] 断开连接！ ( java.net.SocketException: Software caused connection abort: socket write error ) 
[INFO] 2020/09/10 18:32:52: [Server Thread] [127.0.0.1/10] 断开连接！ ( java.net.SocketException: Software caused connection abort: socket write error ) 
[INFO] 2020/09/10 18:33:07: [Server Thread] [DEBUG] [127.0.0.1/12] 发送心跳包 
[INFO] 2020/09/10 18:33:37: [Server Thread] [127.0.0.1/12] 断开连接！ ( java.net.SocketException: Software caused connection abort: socket write error ) 
[INFO] 2020/09/10 18:34:40: [Server Thread] [127.0.0.1/0] 与终端连接！ 
[INFO] 2020/09/10 18:35:10: [Server Thread] [DEBUG] [127.0.0.1/0] 发送心跳包 
[INFO] 2020/09/10 18:35:40: [Server Thread] [127.0.0.1/0] 断开连接！ ( java.net.SocketException: Software caused connection abort: socket write error ) 
[INFO] 2020/09/10 18:37:50: [Server Thread] [127.0.0.1/0] 断开连接！ ( disconnect ) 
[INFO] 2020/09/10 18:37:50: 
[Terminal/ERROR] 发生错误，以下为错误报告
[Terminal/ERROR] 错误名称：Software caused connection abort: socket write error
[Terminal/ERROR] 发生的类：cn.newcraft.terminal.operate.DisconnectOperate
[Terminal/ERROR] 发生时间：2020年09月10日 18:37:50

[Terminal/ERROR] 异常输出：
java.net.SocketException: Software caused connection abort: socket write error
	at java.net.SocketOutputStream.socketWrite0(Native Method)
	at java.net.SocketOutputStream.socketWrite(Unknown Source)
	at java.net.SocketOutputStream.write(Unknown Source)
	at cn.newcraft.terminal.thread.Sender.sendByte(Sender.java:66)
	at cn.newcraft.terminal.thread.packet.DisconnectPacket.onPacket(DisconnectPacket.java:32)
	at cn.newcraft.terminal.thread.Sender.sendPacket(Sender.java:46)
	at cn.newcraft.terminal.operate.DisconnectOperate.onOperate(DisconnectOperate.java:19)
	at cn.newcraft.terminal.command.ShellCommand.onCommand(ShellCommand.java:77)
	at cn.newcraft.terminal.console.SendCommand.<init>(SendCommand.java:15)
	at cn.newcraft.terminal.screen.GraphicalScreen.lambda$onScreen$0(GraphicalScreen.java:105)
	at javax.swing.JTextField.fireActionPerformed(Unknown Source)
	at javax.swing.JTextField.postActionEvent(Unknown Source)
	at javax.swing.JTextField$NotifyAction.actionPerformed(Unknown Source)
	at javax.swing.SwingUtilities.notifyAction(Unknown Source)
	at javax.swing.JComponent.processKeyBinding(Unknown Source)
	at javax.swing.JComponent.processKeyBindings(Unknown Source)
	at javax.swing.JComponent.processKeyEvent(Unknown Source)
	at java.awt.Component.processEvent(Unknown Source)
	at java.awt.Container.processEvent(Unknown Source)
	at java.awt.Component.dispatchEventImpl(Unknown Source)
	at java.awt.Container.dispatchEventImpl(Unknown Source)
	at java.awt.Component.dispatchEvent(Unknown Source)
	at java.awt.KeyboardFocusManager.redispatchEvent(Unknown Source)
	at java.awt.DefaultKeyboardFocusManager.dispatchKeyEvent(Unknown Source)
	at java.awt.DefaultKeyboardFocusManager.preDispatchKeyEvent(Unknown Source)
	at java.awt.DefaultKeyboardFocusManager.typeAheadAssertions(Unknown Source)
	at java.awt.DefaultKeyboardFocusManager.dispatchEvent(Unknown Source)
	at java.awt.Component.dispatchEventImpl(Unknown Source)
	at java.awt.Container.dispatchEventImpl(Unknown Source)
	at java.awt.Window.dispatchEventImpl(Unknown Source)
	at java.awt.Component.dispatchEvent(Unknown Source)
	at java.awt.EventQueue.dispatchEventImpl(Unknown Source)
	at java.awt.EventQueue.access$500(Unknown Source)
	at java.awt.EventQueue$3.run(Unknown Source)
	at java.awt.EventQueue$3.run(Unknown Source)
	at java.security.AccessController.doPrivileged(Native Method)
	at java.security.ProtectionDomain$JavaSecurityAccessImpl.doIntersectionPrivilege(Unknown Source)
	at java.security.ProtectionDomain$JavaSecurityAccessImpl.doIntersectionPrivilege(Unknown Source)
	at java.awt.EventQueue$4.run(Unknown Source)
	at java.awt.EventQueue$4.run(Unknown Source)
	at java.security.AccessController.doPrivileged(Native Method)
	at java.security.ProtectionDomain$JavaSecurityAccessImpl.doIntersectionPrivilege(Unknown Source)
	at java.awt.EventQueue.dispatchEvent(Unknown Source)
	at java.awt.EventDispatchThread.pumpOneEventForFilters(Unknown Source)
	at java.awt.EventDispatchThread.pumpEventsForFilter(Unknown Source)
	at java.awt.EventDispatchThread.pumpEventsForHierarchy(Unknown Source)
	at java.awt.EventDispatchThread.pumpEvents(Unknown Source)
	at java.awt.EventDispatchThread.pumpEvents(Unknown Source)
	at java.awt.EventDispatchThread.run(Unknown Source)
 
[INFO] 2020/09/10 18:37:50: [DEBUG] 执行了命令：shell 0 [disconnect] 
[INFO] 2020/09/10 18:37:55: Terminal Stopping... 
[INFO] 2020/09/10 18:37:55: 已卸载！ author by May_Block 
[INFO] 2020/09/10 18:37:55: [DEBUG] 插件 TestPlugin Version: 1.0 MainClass: cn.newcraft.testplugin.Main 已从终端卸载！ 
[INFO] 2020/09/10 18:37:55: [TestPlugin] Disabled! 
