[INFO] 2020/09/04 20:28:10: ---------------------------------
Terminal
       Welcome!
---------------------------------
  
[INFO] 2020/09/04 20:28:10: Terminal Starting... 
[INFO] 2020/09/04 20:28:11: 
[PluginSystem] 当前终端已安装了 1 个插件，初始化中... 
[INFO] 2020/09/04 20:28:11: [TestPlugin] Loading... 
[INFO] 2020/09/04 20:28:11: 加载中... 
[INFO] 2020/09/04 20:28:11: [Terminal] 创建监听连接进程完毕！ 
[INFO] 2020/09/04 20:28:11: 加载完毕！ author by May_Block 
[INFO] 2020/09/04 20:28:11: [TestPlugin] Loaded! 
[INFO] 2020/09/04 20:28:11: 
[PluginSystem] 所有插件已加载且启用完毕，1 个加载完毕，0 个加载失败 
[INFO] 2020/09/04 20:28:11: [Terminal] 终端已全部初始化完毕！ (Version: 0.0.1)
  
[INFO] 2020/09/04 20:28:11: [Terminal] 你可输入命令 "help" 获取命令帮助 
[INFO] 2020/09/04 20:28:11: [Terminal] 输入命令 "stop" 可以安全关闭Terminal！ 
[INFO] 2020/09/04 20:28:13: Terminal Stopping... 
[INFO] 2020/09/04 20:28:13: 已卸载！ author by May_Block 
[INFO] 2020/09/04 20:28:13: [TestPlugin] Disabled! 
