[INFO] 2020/09/08 00:12:20: ---------------------------------
Terminal
       Welcome!
---------------------------------
  
[INFO] 2020/09/08 00:12:20: Terminal Starting... 
[INFO] 2020/09/08 00:12:21: 
[PluginSystem] 当前终端已安装了 1 个插件，初始化中... 
[INFO] 2020/09/08 00:12:21: [TestPlugin] Loading... 
[INFO] 2020/09/08 00:12:21: 
[PluginSystem ERROR] 插件 TestPlugin 加载失败，该报错非为Terminal问题，请联系该插件开发者 
[INFO] 2020/09/08 00:12:21: 
[PluginSystem ERROR] 请检查插件内是否包含 plugin.yml 文件且保证语法正确 
[INFO] 2020/09/08 00:12:21: 
 ===↓=↓=↓=↓=↓=↓== 该错误并非为Terminal造成，请不要报告该错误 ==↓=↓=↓=↓=↓=↓=== 
[INFO] 2020/09/08 00:12:21: 
[Terminal ERROR] 发生错误，以下为错误报告
[Terminal ERROR] 错误名称：null
[Terminal ERROR] 发生的类：cn.newcraft.terminal.plugin.PluginManager
[Terminal ERROR] 发生时间：2020年09月08日 00:12:21

[Terminal ERROR] 异常输出：
java.lang.reflect.InvocationTargetException
	at sun.reflect.NativeMethodAccessorImpl.invoke0(Native Method)
	at sun.reflect.NativeMethodAccessorImpl.invoke(Unknown Source)
	at sun.reflect.DelegatingMethodAccessorImpl.invoke(Unknown Source)
	at java.lang.reflect.Method.invoke(Unknown Source)
	at cn.newcraft.terminal.plugin.PluginManager.<init>(PluginManager.java:76)
	at cn.newcraft.terminal.console.Initialization.onTerminal(Initialization.java:75)
	at cn.newcraft.terminal.Terminal.main(Terminal.java:82)
	at sun.reflect.NativeMethodAccessorImpl.invoke0(Native Method)
	at sun.reflect.NativeMethodAccessorImpl.invoke(Unknown Source)
	at sun.reflect.DelegatingMethodAccessorImpl.invoke(Unknown Source)
	at java.lang.reflect.Method.invoke(Unknown Source)
	at com.exe4j.runtime.LauncherEngine.launch(Unknown Source)
	at com.exe4j.runtime.WinLauncher.main(Unknown Source)
Caused by: java.lang.NoSuchMethodError: cn.newcraft.terminal.screen.Screen.sendMessage(Ljava/lang/String;)V
	at cn.newcraft.testplugin.Main.onLoad(Main.java:21)
	... 13 more
 
[INFO] 2020/09/08 00:12:21: 
 ===↑=↑=↑=↑=↑=↑== 该错误并非为Terminal造成，请不要报告该错误 ==↑=↑=↑=↑=↑=↑=== 
[INFO] 2020/09/08 00:12:21: [Terminal] 创建监听连接进程完毕！ 
[INFO] 2020/09/08 00:12:21: [Terminal] 终端已全部初始化完毕！ (Version: 0.1.0)
  
[INFO] 2020/09/08 00:12:21: [Terminal] 你可输入命令 "help" 获取命令帮助 
[INFO] 2020/09/08 00:12:21: [Terminal] 输入命令 "stop" 可以安全关闭Terminal！ 
[INFO] 2020/09/08 00:12:25: 
#---------- 所有命令帮助 ----------# 
[INFO] 2020/09/08 00:12:25: byte - 向外部发送一条byte信息 
[INFO] 2020/09/08 00:12:25: connect - 查看当前所有已连接的终端数量 
[INFO] 2020/09/08 00:12:25: debug - 打开/关闭DEBUG模式 
[INFO] 2020/09/08 00:12:25: help - 获取所有命令帮助 
[INFO] 2020/09/08 00:12:25: plugins - 查看当前所有已加载插件 
[INFO] 2020/09/08 00:12:25: reload - 重载所有配置文件（部分配置需要重启终端才能生效） 
[INFO] 2020/09/08 00:12:25: remote - 远程发送数据至现以连接至终端的远程服务器 
[INFO] 2020/09/08 00:12:25: stop - 关闭终端并退出 
[INFO] 2020/09/08 00:12:25: system - 对系统进行操作 
[INFO] 2020/09/08 00:12:25: 
小提示：输入"help <命令>"可以查看该命令的详细用法哦
 
[INFO] 2020/09/08 00:12:30: 用法：remote help 
[INFO] 2020/09/08 00:14:04: Terminal Stopping... 
[INFO] 2020/09/08 00:14:15: ---------------------------------
Terminal
       Welcome!
---------------------------------
  
[INFO] 2020/09/08 00:14:15: Terminal Starting... 
[INFO] 2020/09/08 00:14:16: 
[PluginSystem] 当前终端已安装了 1 个插件，初始化中... 
[INFO] 2020/09/08 00:14:16: [TestPlugin] Loading... 
[INFO] 2020/09/08 00:14:16: 
[PluginSystem ERROR] 插件 TestPlugin 加载失败，该报错非为Terminal问题，请联系该插件开发者 
[INFO] 2020/09/08 00:14:16: 
[PluginSystem ERROR] 请检查插件内是否包含 plugin.yml 文件且保证语法正确 
[INFO] 2020/09/08 00:14:16: 
 ===↓=↓=↓=↓=↓=↓== 该错误并非为Terminal造成，请不要报告该错误 ==↓=↓=↓=↓=↓=↓=== 
[INFO] 2020/09/08 00:14:16: 
[Terminal ERROR] 发生错误，以下为错误报告
[Terminal ERROR] 错误名称：null
[Terminal ERROR] 发生的类：cn.newcraft.terminal.plugin.PluginManager
[Terminal ERROR] 发生时间：2020年09月08日 00:14:16

[Terminal ERROR] 异常输出：
java.lang.reflect.InvocationTargetException
	at sun.reflect.NativeMethodAccessorImpl.invoke0(Native Method)
	at sun.reflect.NativeMethodAccessorImpl.invoke(Unknown Source)
	at sun.reflect.DelegatingMethodAccessorImpl.invoke(Unknown Source)
	at java.lang.reflect.Method.invoke(Unknown Source)
	at cn.newcraft.terminal.plugin.PluginManager.<init>(PluginManager.java:76)
	at cn.newcraft.terminal.console.Initialization.onTerminal(Initialization.java:75)
	at cn.newcraft.terminal.Terminal.main(Terminal.java:82)
	at sun.reflect.NativeMethodAccessorImpl.invoke0(Native Method)
	at sun.reflect.NativeMethodAccessorImpl.invoke(Unknown Source)
	at sun.reflect.DelegatingMethodAccessorImpl.invoke(Unknown Source)
	at java.lang.reflect.Method.invoke(Unknown Source)
	at com.exe4j.runtime.LauncherEngine.launch(Unknown Source)
	at com.exe4j.runtime.WinLauncher.main(Unknown Source)
Caused by: java.lang.NoSuchMethodError: cn.newcraft.terminal.screen.Screen.sendMessage(Ljava/lang/String;)V
	at cn.newcraft.testplugin.Main.onLoad(Main.java:21)
	... 13 more
 
[INFO] 2020/09/08 00:14:16: 
 ===↑=↑=↑=↑=↑=↑== 该错误并非为Terminal造成，请不要报告该错误 ==↑=↑=↑=↑=↑=↑=== 
[INFO] 2020/09/08 00:14:16: [Terminal] 创建监听连接进程完毕！ 
[INFO] 2020/09/08 00:14:16: [Terminal] 终端已全部初始化完毕！ (Version: 0.1.0)
  
[INFO] 2020/09/08 00:14:16: [Terminal] 你可输入命令 "help" 获取命令帮助 
[INFO] 2020/09/08 00:14:16: [Terminal] 输入命令 "stop" 可以安全关闭Terminal！ 
[INFO] 2020/09/08 00:14:18: Terminal Stopping... 
[INFO] 2020/09/08 00:14:37: ---------------------------------
Terminal
       Welcome!
---------------------------------
  
[INFO] 2020/09/08 00:14:37: Terminal Starting... 
[INFO] 2020/09/08 00:14:39: 
[PluginSystem] 当前终端已安装了 1 个插件，初始化中... 
[INFO] 2020/09/08 00:14:39: [TestPlugin] Loading... 
[INFO] 2020/09/08 00:14:39: 加载中... 
[INFO] 2020/09/08 00:14:39: [Terminal] 创建监听连接进程完毕！ 
[INFO] 2020/09/08 00:14:39: 加载完毕！ author by May_Block 
[INFO] 2020/09/08 00:14:39: [TestPlugin] Loaded! 
[INFO] 2020/09/08 00:14:39: [Terminal] 终端已全部初始化完毕！ (Version: 0.1.0)
  
[INFO] 2020/09/08 00:14:39: [Terminal] 你可输入命令 "help" 获取命令帮助 
[INFO] 2020/09/08 00:14:39: [Terminal] 输入命令 "stop" 可以安全关闭Terminal！ 
[INFO] 2020/09/08 00:14:46: 
#---------- 所有命令帮助 ----------# 
[INFO] 2020/09/08 00:14:46: byte - 向外部发送一条byte信息 
[INFO] 2020/09/08 00:14:46: connect - 查看当前所有已连接的终端数量 
[INFO] 2020/09/08 00:14:46: debug - 打开/关闭DEBUG模式 
[INFO] 2020/09/08 00:14:46: help - 获取所有命令帮助 
[INFO] 2020/09/08 00:14:46: plugins - 查看当前所有已加载插件 
[INFO] 2020/09/08 00:14:46: reload - 重载所有配置文件（部分配置需要重启终端才能生效） 
[INFO] 2020/09/08 00:14:46: remote - 远程发送数据至现以连接至终端的远程服务器 
[INFO] 2020/09/08 00:14:46: stop - 关闭终端并退出 
[INFO] 2020/09/08 00:14:46: system - 对系统进行操作 
[INFO] 2020/09/08 00:14:46: testplugin - testplugin command 
[INFO] 2020/09/08 00:14:46: 
小提示：输入"help <命令>"可以查看该命令的详细用法哦
 
[INFO] 2020/09/08 00:14:50: 用法：remote help 
[INFO] 2020/09/08 00:14:52: ---- Remote 命令用法 ---- 
[INFO] 2020/09/08 00:14:52:  
[INFO] 2020/09/08 00:14:52: /remote help - 查看Remote命令所有帮助 
[INFO] 2020/09/08 00:14:52: /remote help operating - 查看所有的可执行操作 
[INFO] 2020/09/08 00:14:52: /remote <id> <operating> - 执行指定操作 
[INFO] 2020/09/08 00:14:52: /remote <id> add <byte> - 添加自定义Byte数据 
[INFO] 2020/09/08 00:14:52: /remote <id> send - 添加自定义String数据 
[INFO] 2020/09/08 00:15:25: ---- 所有可执行操作 ---- 
[INFO] 2020/09/08 00:15:25:  
[INFO] 2020/09/08 00:15:25: 1. [disconnect] - 与客户端断开连接 
[INFO] 2020/09/08 00:17:15: 命令不存在，输入 "help" 获取命令帮助 
[INFO] 2020/09/08 00:17:23: 名为ID 0 的客户端不存在！ 
[INFO] 2020/09/08 00:17:28: 名为ID 0 的客户端不存在！ 
[INFO] 2020/09/08 00:17:34: 命令不存在，输入 "help" 获取命令帮助 
[INFO] 2020/09/08 00:17:46: #---------- 命令 'remote' 的帮助 ----------# 
[INFO] 2020/09/08 00:17:46: 主命令：remote 
[INFO] 2020/09/08 00:17:46: 说明：远程发送数据至现以连接至终端的远程服务器 
[INFO] 2020/09/08 00:17:46: 用法：remote help 
[INFO] 2020/09/08 00:18:44: 查看系统信息：/system info 
[INFO] 2020/09/08 00:18:44: 执行你当前系统的系统命令：/system runCmd <command> 
[INFO] 2020/09/08 00:18:47: 
系统：Windows 10 (Java HotSpot(TM) 64-Bit Server VM) 
[INFO] 2020/09/08 00:18:47: 用户名：sky浩瀚 
[INFO] 2020/09/08 00:18:47: 执行其他系统操作请输入命令 "system help"
 
[INFO] 2020/09/08 00:24:49: Hello World! 
[INFO] 2020/09/08 00:24:49: Args: 1 
[INFO] 2020/09/08 00:24:53: PluginName: TestPlugin 
[INFO] 2020/09/08 00:24:53: Main Class: cn.newcraft.testplugin.Main 
[INFO] 2020/09/08 00:24:53: Version: 1.0 
[INFO] 2020/09/08 00:24:53: Author: May_Block 
[INFO] 2020/09/08 00:24:53: Msg Prefix: TestPlugin 
[INFO] 2020/09/08 00:24:53: Path: .\plugins\TestPlugin.jar 
[INFO] 2020/09/08 00:24:57: Hello World! 
[INFO] 2020/09/08 00:24:57: Args: 10 
[INFO] 2020/09/08 00:25:12: Terminal Stopping... 
[INFO] 2020/09/08 00:25:12: 已卸载！ author by May_Block 
[INFO] 2020/09/08 00:25:12: [TestPlugin] Disabled! 
[INFO] 2020/09/08 23:29:26: ---------------------------------
Terminal
       Welcome!
---------------------------------
  
[INFO] 2020/09/08 23:29:26: Terminal Starting... 
[INFO] 2020/09/08 23:29:28: 
[PluginSystem] 当前终端已安装了 1 个插件，初始化中... 
[INFO] 2020/09/08 23:29:28: [TestPlugin] Loading... 
[INFO] 2020/09/08 23:29:28: 加载中... 
[INFO] 2020/09/08 23:29:29: [Terminal] 创建监听连接进程完毕！ 
[INFO] 2020/09/08 23:29:29: 加载完毕！ author by May_Block 
[INFO] 2020/09/08 23:29:29: [TestPlugin] Loaded! 
[INFO] 2020/09/08 23:29:29: [Terminal] 终端已全部初始化完毕！ (Version: 0.1.0)
  
[INFO] 2020/09/08 23:29:29: [Terminal] 你可输入命令 "help" 获取命令帮助 
[INFO] 2020/09/08 23:29:29: [Terminal] 输入命令 "stop" 可以安全关闭Terminal！ 
[INFO] 2020/09/08 23:29:41: 
#---------- 所有命令帮助 ----------# 
[INFO] 2020/09/08 23:29:41: byte - 向外部发送一条byte信息 
[INFO] 2020/09/08 23:29:41: connect - 查看当前所有已连接的终端数量 
[INFO] 2020/09/08 23:29:41: debug - 打开/关闭DEBUG模式 
[INFO] 2020/09/08 23:29:41: help - 获取所有命令帮助 
[INFO] 2020/09/08 23:29:41: plugins - 查看当前所有已加载插件 
[INFO] 2020/09/08 23:29:41: reload - 重载所有配置文件（部分配置需要重启终端才能生效） 
[INFO] 2020/09/08 23:29:41: remote - 远程发送数据至现以连接至终端的远程服务器 
[INFO] 2020/09/08 23:29:41: stop - 关闭终端并退出 
[INFO] 2020/09/08 23:29:41: system - 对系统进行操作 
[INFO] 2020/09/08 23:29:41: testplugin - testplugin command 
[INFO] 2020/09/08 23:29:41: 
小提示：输入"help <命令>"可以查看该命令的详细用法哦
 
[INFO] 2020/09/08 23:29:45: 用法：remote help 
[INFO] 2020/09/08 23:29:47: ---- Remote 命令用法 ---- 
[INFO] 2020/09/08 23:29:47:  
[INFO] 2020/09/08 23:29:47: /remote help - 查看Remote命令所有帮助 
[INFO] 2020/09/08 23:29:47: /remote help operating - 查看所有的可执行操作 
[INFO] 2020/09/08 23:29:47: /remote <id> <operating> - 执行指定操作 
[INFO] 2020/09/08 23:29:47: /remote <id> add <byte> - 添加自定义Byte数据 
[INFO] 2020/09/08 23:29:47: /remote <id> send - 添加自定义String数据 
[INFO] 2020/09/08 23:34:47: 名为ID 0 的客户端不存在！ 
[INFO] 2020/09/08 23:35:05: [Server Client] 尝试对远程服务器发送连接请求，这可能需要一段时间... [127.0.0.1/8889] 
[INFO] 2020/09/08 23:35:05: [Server Client] 已成功发送了连接请求！ Byte数组长度：22 
[INFO] 2020/09/08 23:35:05: [Server Thread] [127.0.0.1/0] 创建新ID：0 
[INFO] 2020/09/08 23:35:05: [Server Thread] [127.0.0.1/0] 与终端连接！ 
[INFO] 2020/09/08 23:35:05: [Server Client] 远程服务器返回信息 
[INFO] 2020/09/08 23:35:05: Terminal Name: Terminal 
[INFO] 2020/09/08 23:35:05: Terminal Version: 0.1.0 
[INFO] 2020/09/08 23:35:05: Terminal TimeZone: Asia/Shanghai 
[INFO] 2020/09/08 23:35:05: PluginManager: true 
[INFO] 2020/09/08 23:35:05: Your Connect ID: 0 
[INFO] 2020/09/08 23:35:05: Your Address: 127.0.0.1/57420 
[INFO] 2020/09/08 23:41:45: 已开启 DEBUG 模式 
[INFO] 2020/09/08 23:41:45: [DEBUG] 执行了命令：debug 
[INFO] 2020/09/08 23:41:45: [DEBUG] [127.0.0.1/0] 的Socket交互信息： 
[INFO] 2020/09/08 23:41:45: [DEBUG] [127.0.0.1/0] 发送心跳包 
[INFO] 2020/09/08 23:41:45: [DEBUG] ------Info------ 
[INFO] 2020/09/08 23:41:45:  REGULAR 
[INFO] 2020/09/08 23:41:45: [DEBUG] -------End------- 
[INFO] 2020/09/08 23:41:47: Terminal Stopping... 
[INFO] 2020/09/08 23:41:47: 已卸载！ author by May_Block 
[INFO] 2020/09/08 23:41:48: [DEBUG] 插件 TestPlugin Version: 1.0 MainClass: cn.newcraft.testplugin.Main 已从终端卸载！ 
[INFO] 2020/09/08 23:41:48: [TestPlugin] Disabled! 
