[INFO] 2020/09/07 00:28:57: ---------------------------------
Terminal
       Welcome!
---------------------------------
  
[INFO] 2020/09/07 00:28:57: Terminal Starting... 
[INFO] 2020/09/07 00:28:58: 
[PluginSystem] 当前终端已安装了 1 个插件，初始化中... 
[INFO] 2020/09/07 00:28:58: [TestPlugin] Loading... 
[INFO] 2020/09/07 00:28:58: 
[PluginSystem ERROR] 插件 TestPlugin 加载失败，该报错非为Terminal问题，请联系该插件开发者 
[INFO] 2020/09/07 00:28:58: 
[PluginSystem ERROR] 请检查插件内是否包含 plugin.yml 文件且保证语法正确 
[INFO] 2020/09/07 00:28:58: 
 ===↓=↓=↓=↓=↓=↓== 该错误并非为Terminal造成，请不要报告该错误 ==↓=↓=↓=↓=↓=↓=== 
[INFO] 2020/09/07 00:28:58: 
[Terminal ERROR] 发生错误，以下为错误报告
[Terminal ERROR] 错误名称：null
[Terminal ERROR] 发生的类：cn.newcraft.terminal.plugin.PluginManager
[Terminal ERROR] 发生时间：2020年09月07日 00:28:58

[Terminal ERROR] 异常输出：
java.lang.reflect.InvocationTargetException
	at sun.reflect.NativeMethodAccessorImpl.invoke0(Native Method)
	at sun.reflect.NativeMethodAccessorImpl.invoke(Unknown Source)
	at sun.reflect.DelegatingMethodAccessorImpl.invoke(Unknown Source)
	at java.lang.reflect.Method.invoke(Unknown Source)
	at cn.newcraft.terminal.plugin.PluginManager.<init>(PluginManager.java:76)
	at cn.newcraft.terminal.console.Initialization.onTerminal(Initialization.java:75)
	at cn.newcraft.terminal.Terminal.main(Terminal.java:82)
	at sun.reflect.NativeMethodAccessorImpl.invoke0(Native Method)
	at sun.reflect.NativeMethodAccessorImpl.invoke(Unknown Source)
	at sun.reflect.DelegatingMethodAccessorImpl.invoke(Unknown Source)
	at java.lang.reflect.Method.invoke(Unknown Source)
	at com.exe4j.runtime.LauncherEngine.launch(Unknown Source)
	at com.exe4j.runtime.WinLauncher.main(Unknown Source)
Caused by: java.lang.NoSuchMethodError: cn.newcraft.terminal.screen.Screen.sendMessage(Ljava/lang/String;)V
	at cn.newcraft.testplugin.Main.onLoad(Main.java:21)
	... 13 more
 
[INFO] 2020/09/07 00:28:58: 
 ===↑=↑=↑=↑=↑=↑== 该错误并非为Terminal造成，请不要报告该错误 ==↑=↑=↑=↑=↑=↑=== 
[INFO] 2020/09/07 00:28:58: [Terminal] 创建监听连接进程完毕！ 
[INFO] 2020/09/07 00:28:58: [Terminal] 终端已全部初始化完毕！ (Version: 0.1.0)
  
[INFO] 2020/09/07 00:28:58: [Terminal] 你可输入命令 "help" 获取命令帮助 
[INFO] 2020/09/07 00:28:58: [Terminal] 输入命令 "stop" 可以安全关闭Terminal！ 
[INFO] 2020/09/07 00:29:02: 发送了连接请求... 等待服务器回应 
[INFO] 2020/09/07 00:29:06: Terminal Stopping... 
[INFO] 2020/09/07 00:29:52: ---------------------------------
Terminal
       Welcome!
---------------------------------
  
[INFO] 2020/09/07 00:29:52: Terminal Starting... 
[INFO] 2020/09/07 00:29:54: 
[PluginSystem] 当前终端已安装了 1 个插件，初始化中... 
[INFO] 2020/09/07 00:29:54: [TestPlugin] Loading... 
[INFO] 2020/09/07 00:29:54: 
[PluginSystem ERROR] 插件 TestPlugin 加载失败，该报错非为Terminal问题，请联系该插件开发者 
[INFO] 2020/09/07 00:29:54: 
[PluginSystem ERROR] 请检查插件内是否包含 plugin.yml 文件且保证语法正确 
[INFO] 2020/09/07 00:29:54: 
 ===↓=↓=↓=↓=↓=↓== 该错误并非为Terminal造成，请不要报告该错误 ==↓=↓=↓=↓=↓=↓=== 
[INFO] 2020/09/07 00:29:54: 
[Terminal ERROR] 发生错误，以下为错误报告
[Terminal ERROR] 错误名称：null
[Terminal ERROR] 发生的类：cn.newcraft.terminal.plugin.PluginManager
[Terminal ERROR] 发生时间：2020年09月07日 00:29:54

[Terminal ERROR] 异常输出：
java.lang.reflect.InvocationTargetException
	at sun.reflect.NativeMethodAccessorImpl.invoke0(Native Method)
	at sun.reflect.NativeMethodAccessorImpl.invoke(Unknown Source)
	at sun.reflect.DelegatingMethodAccessorImpl.invoke(Unknown Source)
	at java.lang.reflect.Method.invoke(Unknown Source)
	at cn.newcraft.terminal.plugin.PluginManager.<init>(PluginManager.java:76)
	at cn.newcraft.terminal.console.Initialization.onTerminal(Initialization.java:75)
	at cn.newcraft.terminal.Terminal.main(Terminal.java:82)
	at sun.reflect.NativeMethodAccessorImpl.invoke0(Native Method)
	at sun.reflect.NativeMethodAccessorImpl.invoke(Unknown Source)
	at sun.reflect.DelegatingMethodAccessorImpl.invoke(Unknown Source)
	at java.lang.reflect.Method.invoke(Unknown Source)
	at com.exe4j.runtime.LauncherEngine.launch(Unknown Source)
	at com.exe4j.runtime.WinLauncher.main(Unknown Source)
Caused by: java.lang.NoSuchMethodError: cn.newcraft.terminal.screen.Screen.sendMessage(Ljava/lang/String;)V
	at cn.newcraft.testplugin.Main.onLoad(Main.java:21)
	... 13 more
 
[INFO] 2020/09/07 00:29:54: 
 ===↑=↑=↑=↑=↑=↑== 该错误并非为Terminal造成，请不要报告该错误 ==↑=↑=↑=↑=↑=↑=== 
[INFO] 2020/09/07 00:29:54: [Terminal] 创建监听连接进程完毕！ 
[INFO] 2020/09/07 00:29:54: [Terminal] 终端已全部初始化完毕！ (Version: 0.1.0)
  
[INFO] 2020/09/07 00:29:54: [Terminal] 你可输入命令 "help" 获取命令帮助 
[INFO] 2020/09/07 00:29:54: [Terminal] 输入命令 "stop" 可以安全关闭Terminal！ 
[INFO] 2020/09/07 00:29:59: 用法：byte <Address> <port> <add/send> [args...] 
[INFO] 2020/09/07 00:30:08: [Server Client] 与远程服务器断开连接 ( java.net.ConnectException: Connection refused: connect ) 
[INFO] 2020/09/07 00:30:17: [Server Client] 与远程服务器断开连接 ( java.net.ConnectException: Connection refused: connect ) 
[INFO] 2020/09/07 00:30:47: [Server Client] 已成功发送了连接请求！ Byte数组长度：66 
[INFO] 2020/09/07 00:30:47: [Server Thread] 创建新ID：0 
[INFO] 2020/09/07 00:30:47: [Server Thread] [127.0.0.1/0] 与终端连接！ 
[INFO] 2020/09/07 00:30:47: [Server Client] 远程服务器返回信息 
[INFO] 2020/09/07 00:30:47: Terminal Name: Terminal 
[INFO] 2020/09/07 00:30:47: Terminal Version: 0.1.0 
[INFO] 2020/09/07 00:30:47: Terminal TimeZone: Asia/Shanghai 
[INFO] 2020/09/07 00:30:47: PluginManager: true 
[INFO] 2020/09/07 00:30:47: Your Address: 127.0.0.1/53220 
[INFO] 2020/09/07 00:31:27: [Server Client] 与远程服务器断开连接 ( java.net.SocketException: Software caused connection abort: recv failed ) 
[INFO] 2020/09/07 00:31:29: [Server Thread] 删除ID：0 
[INFO] 2020/09/07 00:31:29: [Server Thread] [127.0.0.1/0] 已与终端断开连接！ 
[INFO] 2020/09/07 00:33:30: Terminal Stopping... 
[INFO] 2020/09/07 00:33:34: ---------------------------------
Terminal
       Welcome!
---------------------------------
  
[INFO] 2020/09/07 00:33:34: Terminal Starting... 
[INFO] 2020/09/07 00:33:36: 
[PluginSystem] 当前终端已安装了 1 个插件，初始化中... 
[INFO] 2020/09/07 00:33:36: [TestPlugin] Loading... 
[INFO] 2020/09/07 00:33:36: 
[PluginSystem ERROR] 插件 TestPlugin 加载失败，该报错非为Terminal问题，请联系该插件开发者 
[INFO] 2020/09/07 00:33:36: 
[PluginSystem ERROR] 请检查插件内是否包含 plugin.yml 文件且保证语法正确 
[INFO] 2020/09/07 00:33:36: 
 ===↓=↓=↓=↓=↓=↓== 该错误并非为Terminal造成，请不要报告该错误 ==↓=↓=↓=↓=↓=↓=== 
[INFO] 2020/09/07 00:33:36: 
[Terminal ERROR] 发生错误，以下为错误报告
[Terminal ERROR] 错误名称：null
[Terminal ERROR] 发生的类：cn.newcraft.terminal.plugin.PluginManager
[Terminal ERROR] 发生时间：2020年09月07日 00:33:36

[Terminal ERROR] 异常输出：
java.lang.reflect.InvocationTargetException
	at sun.reflect.NativeMethodAccessorImpl.invoke0(Native Method)
	at sun.reflect.NativeMethodAccessorImpl.invoke(Unknown Source)
	at sun.reflect.DelegatingMethodAccessorImpl.invoke(Unknown Source)
	at java.lang.reflect.Method.invoke(Unknown Source)
	at cn.newcraft.terminal.plugin.PluginManager.<init>(PluginManager.java:76)
	at cn.newcraft.terminal.console.Initialization.onTerminal(Initialization.java:75)
	at cn.newcraft.terminal.Terminal.main(Terminal.java:82)
	at sun.reflect.NativeMethodAccessorImpl.invoke0(Native Method)
	at sun.reflect.NativeMethodAccessorImpl.invoke(Unknown Source)
	at sun.reflect.DelegatingMethodAccessorImpl.invoke(Unknown Source)
	at java.lang.reflect.Method.invoke(Unknown Source)
	at com.exe4j.runtime.LauncherEngine.launch(Unknown Source)
	at com.exe4j.runtime.WinLauncher.main(Unknown Source)
Caused by: java.lang.NoSuchMethodError: cn.newcraft.terminal.screen.Screen.sendMessage(Ljava/lang/String;)V
	at cn.newcraft.testplugin.Main.onLoad(Main.java:21)
	... 13 more
 
[INFO] 2020/09/07 00:33:36: 
 ===↑=↑=↑=↑=↑=↑== 该错误并非为Terminal造成，请不要报告该错误 ==↑=↑=↑=↑=↑=↑=== 
[INFO] 2020/09/07 00:33:36: [Terminal] 创建监听连接进程完毕！ 
[INFO] 2020/09/07 00:33:36: [Terminal] 终端已全部初始化完毕！ (Version: 0.1.0)
  
[INFO] 2020/09/07 00:33:36: [Terminal] 你可输入命令 "help" 获取命令帮助 
[INFO] 2020/09/07 00:33:36: [Terminal] 输入命令 "stop" 可以安全关闭Terminal！ 
[INFO] 2020/09/07 00:33:42: 命令不存在，输入 "help" 获取命令帮助 
[INFO] 2020/09/07 00:34:05: 命令不存在，输入 "help" 获取命令帮助 
[INFO] 2020/09/07 00:34:37: Terminal Stopping... 
[INFO] 2020/09/07 00:36:49: ---------------------------------
Terminal
       Welcome!
---------------------------------
  
[INFO] 2020/09/07 00:36:49: Terminal Starting... 
[INFO] 2020/09/07 00:36:51: 
[PluginSystem] 当前终端已安装了 1 个插件，初始化中... 
[INFO] 2020/09/07 00:36:51: [TestPlugin] Loading... 
[INFO] 2020/09/07 00:36:51: 
[PluginSystem ERROR] 插件 TestPlugin 加载失败，该报错非为Terminal问题，请联系该插件开发者 
[INFO] 2020/09/07 00:36:51: 
[PluginSystem ERROR] 请检查插件内是否包含 plugin.yml 文件且保证语法正确 
[INFO] 2020/09/07 00:36:51: 
 ===↓=↓=↓=↓=↓=↓== 该错误并非为Terminal造成，请不要报告该错误 ==↓=↓=↓=↓=↓=↓=== 
[INFO] 2020/09/07 00:36:51: 
[Terminal ERROR] 发生错误，以下为错误报告
[Terminal ERROR] 错误名称：null
[Terminal ERROR] 发生的类：cn.newcraft.terminal.plugin.PluginManager
[Terminal ERROR] 发生时间：2020年09月07日 00:36:51

[Terminal ERROR] 异常输出：
java.lang.reflect.InvocationTargetException
	at sun.reflect.NativeMethodAccessorImpl.invoke0(Native Method)
	at sun.reflect.NativeMethodAccessorImpl.invoke(Unknown Source)
	at sun.reflect.DelegatingMethodAccessorImpl.invoke(Unknown Source)
	at java.lang.reflect.Method.invoke(Unknown Source)
	at cn.newcraft.terminal.plugin.PluginManager.<init>(PluginManager.java:76)
	at cn.newcraft.terminal.console.Initialization.onTerminal(Initialization.java:75)
	at cn.newcraft.terminal.Terminal.main(Terminal.java:82)
	at sun.reflect.NativeMethodAccessorImpl.invoke0(Native Method)
	at sun.reflect.NativeMethodAccessorImpl.invoke(Unknown Source)
	at sun.reflect.DelegatingMethodAccessorImpl.invoke(Unknown Source)
	at java.lang.reflect.Method.invoke(Unknown Source)
	at com.exe4j.runtime.LauncherEngine.launch(Unknown Source)
	at com.exe4j.runtime.WinLauncher.main(Unknown Source)
Caused by: java.lang.NoSuchMethodError: cn.newcraft.terminal.screen.Screen.sendMessage(Ljava/lang/String;)V
	at cn.newcraft.testplugin.Main.onLoad(Main.java:21)
	... 13 more
 
[INFO] 2020/09/07 00:36:51: 
 ===↑=↑=↑=↑=↑=↑== 该错误并非为Terminal造成，请不要报告该错误 ==↑=↑=↑=↑=↑=↑=== 
[INFO] 2020/09/07 00:36:51: [Terminal] 创建监听连接进程完毕！ 
[INFO] 2020/09/07 00:36:51: [Terminal] 终端已全部初始化完毕！ (Version: 0.1.0)
  
[INFO] 2020/09/07 00:36:51: [Terminal] 你可输入命令 "help" 获取命令帮助 
[INFO] 2020/09/07 00:36:51: [Terminal] 输入命令 "stop" 可以安全关闭Terminal！ 
[INFO] 2020/09/07 00:36:58: [Server Client] 无法连接至远程服务器 [127.0.0.1/8888] 
[INFO] 2020/09/07 00:36:58: [Server Client] 请检查IP和端口是否输入正确后重试！ 
[INFO] 2020/09/07 00:37:50: [Server Client] 与远程服务器断开连接 ( java.net.UnknownHostException: www.baidu,com ) 
[INFO] 2020/09/07 00:38:43: [Server Client] 无法连接至远程服务器 [61.135.185.32/8888] 
[INFO] 2020/09/07 00:38:43: [Server Client] 请检查IP和端口是否输入正确后重试！ 
[INFO] 2020/09/07 00:40:06: Terminal Stopping... 
[INFO] 2020/09/07 00:40:12: ---------------------------------
Terminal
       Welcome!
---------------------------------
  
[INFO] 2020/09/07 00:40:12: Terminal Starting... 
[INFO] 2020/09/07 00:40:14: 
[PluginSystem] 当前终端已安装了 1 个插件，初始化中... 
[INFO] 2020/09/07 00:40:14: [TestPlugin] Loading... 
[INFO] 2020/09/07 00:40:14: 
[PluginSystem ERROR] 插件 TestPlugin 加载失败，该报错非为Terminal问题，请联系该插件开发者 
[INFO] 2020/09/07 00:40:14: 
[PluginSystem ERROR] 请检查插件内是否包含 plugin.yml 文件且保证语法正确 
[INFO] 2020/09/07 00:40:14: 
 ===↓=↓=↓=↓=↓=↓== 该错误并非为Terminal造成，请不要报告该错误 ==↓=↓=↓=↓=↓=↓=== 
[INFO] 2020/09/07 00:40:14: 
[Terminal ERROR] 发生错误，以下为错误报告
[Terminal ERROR] 错误名称：null
[Terminal ERROR] 发生的类：cn.newcraft.terminal.plugin.PluginManager
[Terminal ERROR] 发生时间：2020年09月07日 00:40:14

[Terminal ERROR] 异常输出：
java.lang.reflect.InvocationTargetException
	at sun.reflect.NativeMethodAccessorImpl.invoke0(Native Method)
	at sun.reflect.NativeMethodAccessorImpl.invoke(Unknown Source)
	at sun.reflect.DelegatingMethodAccessorImpl.invoke(Unknown Source)
	at java.lang.reflect.Method.invoke(Unknown Source)
	at cn.newcraft.terminal.plugin.PluginManager.<init>(PluginManager.java:76)
	at cn.newcraft.terminal.console.Initialization.onTerminal(Initialization.java:75)
	at cn.newcraft.terminal.Terminal.main(Terminal.java:82)
	at sun.reflect.NativeMethodAccessorImpl.invoke0(Native Method)
	at sun.reflect.NativeMethodAccessorImpl.invoke(Unknown Source)
	at sun.reflect.DelegatingMethodAccessorImpl.invoke(Unknown Source)
	at java.lang.reflect.Method.invoke(Unknown Source)
	at com.exe4j.runtime.LauncherEngine.launch(Unknown Source)
	at com.exe4j.runtime.WinLauncher.main(Unknown Source)
Caused by: java.lang.NoSuchMethodError: cn.newcraft.terminal.screen.Screen.sendMessage(Ljava/lang/String;)V
	at cn.newcraft.testplugin.Main.onLoad(Main.java:21)
	... 13 more
 
[INFO] 2020/09/07 00:40:14: 
 ===↑=↑=↑=↑=↑=↑== 该错误并非为Terminal造成，请不要报告该错误 ==↑=↑=↑=↑=↑=↑=== 
[INFO] 2020/09/07 00:40:14: [Terminal] 创建监听连接进程完毕！ 
[INFO] 2020/09/07 00:40:14: [Terminal] 终端已全部初始化完毕！ (Version: 0.1.0)
  
[INFO] 2020/09/07 00:40:14: [Terminal] 你可输入命令 "help" 获取命令帮助 
[INFO] 2020/09/07 00:40:14: [Terminal] 输入命令 "stop" 可以安全关闭Terminal！ 
[INFO] 2020/09/07 00:40:26: [Server Client] 尝试对远程服务器发送连接请求，这可能需要一段时间... [8.8.8.8/8800] 
[INFO] 2020/09/07 00:40:47: [Server Client] 无法连接至远程服务器 [8.8.8.8/8800] 
[INFO] 2020/09/07 00:40:47: [Server Client] 请检查IP和端口是否输入正确后重试！ 
[INFO] 2020/09/07 00:41:41: [Server Client] 尝试对远程服务器发送连接请求，这可能需要一段时间... [127.0.0.1/8800] 
[INFO] 2020/09/07 00:41:42: [Server Client] 无法连接至远程服务器 [127.0.0.1/8800] 
[INFO] 2020/09/07 00:41:42: [Server Client] 请检查IP和端口是否输入正确后重试！ 
[INFO] 2020/09/07 00:41:57: [Server Client] 尝试对远程服务器发送连接请求，这可能需要一段时间... [127.0.0.1/8889] 
[INFO] 2020/09/07 00:41:57: [Server Client] 已成功发送了连接请求！ Byte数组长度：66 
[INFO] 2020/09/07 00:41:57: [Server Thread] 创建新ID：0 
[INFO] 2020/09/07 00:41:57: [Server Thread] [127.0.0.1/0] 与终端连接！ 
[INFO] 2020/09/07 00:41:57: [Server Client] 远程服务器返回信息 
[INFO] 2020/09/07 00:41:57: Terminal Name: Terminal 
[INFO] 2020/09/07 00:41:57: Terminal Version: 0.1.0 
[INFO] 2020/09/07 00:41:57: Terminal TimeZone: Asia/Shanghai 
[INFO] 2020/09/07 00:41:57: PluginManager: true 
[INFO] 2020/09/07 00:41:57: Your Address: 127.0.0.1/53331 
[INFO] 2020/09/07 00:42:37: [Server Client] 与远程服务器断开连接 ( java.net.SocketException: Software caused connection abort: recv failed ) 
[INFO] 2020/09/07 00:42:40: [Server Thread] 删除ID：0 
[INFO] 2020/09/07 00:42:40: [Server Thread] [127.0.0.1/0] 已与终端断开连接！ 
[INFO] 2020/09/07 00:43:38: Terminal Stopping... 
[INFO] 2020/09/07 21:46:58: ---------------------------------
Terminal
       Welcome!
---------------------------------
  
[INFO] 2020/09/07 21:46:58: Terminal Starting... 
[INFO] 2020/09/07 21:47:01: 
[PluginSystem] 当前终端已安装了 1 个插件，初始化中... 
[INFO] 2020/09/07 21:47:01: [TestPlugin] Loading... 
[INFO] 2020/09/07 21:47:01: 
[PluginSystem ERROR] 插件 TestPlugin 加载失败，该报错非为Terminal问题，请联系该插件开发者 
[INFO] 2020/09/07 21:47:01: 
[PluginSystem ERROR] 请检查插件内是否包含 plugin.yml 文件且保证语法正确 
[INFO] 2020/09/07 21:47:01: 
 ===↓=↓=↓=↓=↓=↓== 该错误并非为Terminal造成，请不要报告该错误 ==↓=↓=↓=↓=↓=↓=== 
[INFO] 2020/09/07 21:47:01: 
[Terminal ERROR] 发生错误，以下为错误报告
[Terminal ERROR] 错误名称：null
[Terminal ERROR] 发生的类：cn.newcraft.terminal.plugin.PluginManager
[Terminal ERROR] 发生时间：2020年09月07日 21:47:01

[Terminal ERROR] 异常输出：
java.lang.reflect.InvocationTargetException
	at sun.reflect.NativeMethodAccessorImpl.invoke0(Native Method)
	at sun.reflect.NativeMethodAccessorImpl.invoke(Unknown Source)
	at sun.reflect.DelegatingMethodAccessorImpl.invoke(Unknown Source)
	at java.lang.reflect.Method.invoke(Unknown Source)
	at cn.newcraft.terminal.plugin.PluginManager.<init>(PluginManager.java:76)
	at cn.newcraft.terminal.console.Initialization.onTerminal(Initialization.java:75)
	at cn.newcraft.terminal.Terminal.main(Terminal.java:82)
	at sun.reflect.NativeMethodAccessorImpl.invoke0(Native Method)
	at sun.reflect.NativeMethodAccessorImpl.invoke(Unknown Source)
	at sun.reflect.DelegatingMethodAccessorImpl.invoke(Unknown Source)
	at java.lang.reflect.Method.invoke(Unknown Source)
	at com.exe4j.runtime.LauncherEngine.launch(Unknown Source)
	at com.exe4j.runtime.WinLauncher.main(Unknown Source)
Caused by: java.lang.NoSuchMethodError: cn.newcraft.terminal.screen.Screen.sendMessage(Ljava/lang/String;)V
	at cn.newcraft.testplugin.Main.onLoad(Main.java:21)
	... 13 more
 
[INFO] 2020/09/07 21:47:01: 
 ===↑=↑=↑=↑=↑=↑== 该错误并非为Terminal造成，请不要报告该错误 ==↑=↑=↑=↑=↑=↑=== 
[INFO] 2020/09/07 21:47:01: [Terminal] 创建监听连接进程完毕！ 
[INFO] 2020/09/07 21:47:01: [Terminal] 终端已全部初始化完毕！ (Version: 0.1.0)
  
[INFO] 2020/09/07 21:47:01: [Terminal] 你可输入命令 "help" 获取命令帮助 
[INFO] 2020/09/07 21:47:01: [Terminal] 输入命令 "stop" 可以安全关闭Terminal！ 
[INFO] 2020/09/07 21:47:07: Terminal Stopping... 
