[INFO] 2020/09/05 14:40:17: ---------------------------------
Terminal
       Welcome!
---------------------------------
  
[INFO] 2020/09/05 14:40:17: Terminal Starting... 
[INFO] 2020/09/05 14:40:18: 
[PluginSystem] 当前终端已安装了 1 个插件，初始化中... 
[INFO] 2020/09/05 14:40:18: [TestPlugin] Loading... 
[INFO] 2020/09/05 14:40:18: 加载中... 
[INFO] 2020/09/05 14:40:18: [Terminal] 创建监听连接进程完毕！ 
[INFO] 2020/09/05 14:40:18: 加载完毕！ author by May_Block 
[INFO] 2020/09/05 14:40:18: [TestPlugin] Loaded! 
[INFO] 2020/09/05 14:40:18: 
[PluginSystem] 所有插件已加载且启用完毕，1 个加载完毕，0 个加载失败 
[INFO] 2020/09/05 14:40:18: [Terminal] 终端已全部初始化完毕！ (Version: 0.0.1)
  
[INFO] 2020/09/05 14:40:18: [Terminal] 你可输入命令 "help" 获取命令帮助 
[INFO] 2020/09/05 14:40:18: [Terminal] 输入命令 "stop" 可以安全关闭Terminal！ 
[INFO] 2020/09/05 14:40:24: Terminal Stopping... 
[INFO] 2020/09/05 14:40:24: 已卸载！ author by May_Block 
[INFO] 2020/09/05 14:40:24: [TestPlugin] Disabled! 
[INFO] 2020/09/05 16:42:46: ---------------------------------
Terminal
       Welcome!
---------------------------------
  
[INFO] 2020/09/05 16:42:46: Terminal Starting... 
[INFO] 2020/09/05 16:42:47: 
[PluginSystem] 当前终端已安装了 1 个插件，初始化中... 
[INFO] 2020/09/05 16:42:47: [TestPlugin] Loading... 
[INFO] 2020/09/05 16:42:47: 
[PluginSystem ERROR] 插件 TestPlugin 加载失败，该报错非为Terminal问题，请联系该插件开发者 
[INFO] 2020/09/05 16:42:47: 
[PluginSystem ERROR] 请检查插件内是否包含 plugin.yml 文件且保证语法正确 
[INFO] 2020/09/05 16:42:47: 
 ===↓=↓=↓=↓=↓=↓== 该错误并非为Terminal造成，请不要报告该错误 ==↓=↓=↓=↓=↓=↓=== 
[INFO] 2020/09/05 16:42:47: 
[Terminal ERROR] 发生错误，以下为错误报告
[Terminal ERROR] 错误名称：null
[Terminal ERROR] 发生的类：cn.newcraft.terminal.plugin.PluginManager
[Terminal ERROR] 发生时间：2020年09月05日 16:42:47

[Terminal ERROR] 异常输出：
java.lang.reflect.InvocationTargetException
	at sun.reflect.NativeMethodAccessorImpl.invoke0(Native Method)
	at sun.reflect.NativeMethodAccessorImpl.invoke(Unknown Source)
	at sun.reflect.DelegatingMethodAccessorImpl.invoke(Unknown Source)
	at java.lang.reflect.Method.invoke(Unknown Source)
	at cn.newcraft.terminal.plugin.PluginManager.<init>(PluginManager.java:76)
	at cn.newcraft.terminal.console.Initialization.onTerminal(Initialization.java:75)
	at cn.newcraft.terminal.Terminal.main(Terminal.java:82)
	at sun.reflect.NativeMethodAccessorImpl.invoke0(Native Method)
	at sun.reflect.NativeMethodAccessorImpl.invoke(Unknown Source)
	at sun.reflect.DelegatingMethodAccessorImpl.invoke(Unknown Source)
	at java.lang.reflect.Method.invoke(Unknown Source)
	at com.exe4j.runtime.LauncherEngine.launch(Unknown Source)
	at com.exe4j.runtime.WinLauncher.main(Unknown Source)
Caused by: java.lang.NoSuchMethodError: cn.newcraft.terminal.screen.Screen.sendMessage(Ljava/lang/String;)V
	at cn.newcraft.testplugin.Main.onLoad(Main.java:21)
	... 13 more
 
[INFO] 2020/09/05 16:42:47: 
 ===↑=↑=↑=↑=↑=↑== 该错误并非为Terminal造成，请不要报告该错误 ==↑=↑=↑=↑=↑=↑=== 
[INFO] 2020/09/05 16:42:47: [Terminal] 创建监听连接进程完毕！ 
[INFO] 2020/09/05 16:42:47: [Terminal] 终端已全部初始化完毕！ (Version: 0.1.0)
  
[INFO] 2020/09/05 16:42:47: [Terminal] 你可输入命令 "help" 获取命令帮助 
[INFO] 2020/09/05 16:42:47: [Terminal] 输入命令 "stop" 可以安全关闭Terminal！ 
[INFO] 2020/09/05 16:42:51: Terminal Stopping... 
[INFO] 2020/09/05 16:43:00: ---------------------------------
Terminal
       Welcome!
---------------------------------
  
[INFO] 2020/09/05 16:43:00: Terminal Starting... 
[INFO] 2020/09/05 16:43:01: 
[PluginSystem] 当前终端已安装了 1 个插件，初始化中... 
[INFO] 2020/09/05 16:43:01: [TestPlugin] Loading... 
[INFO] 2020/09/05 16:43:01: 
[PluginSystem ERROR] 插件 TestPlugin 加载失败，该报错非为Terminal问题，请联系该插件开发者 
[INFO] 2020/09/05 16:43:01: 
[PluginSystem ERROR] 请检查插件内是否包含 plugin.yml 文件且保证语法正确 
[INFO] 2020/09/05 16:43:01: 
 ===↓=↓=↓=↓=↓=↓== 该错误并非为Terminal造成，请不要报告该错误 ==↓=↓=↓=↓=↓=↓=== 
[INFO] 2020/09/05 16:43:01: 
[Terminal ERROR] 发生错误，以下为错误报告
[Terminal ERROR] 错误名称：null
[Terminal ERROR] 发生的类：cn.newcraft.terminal.plugin.PluginManager
[Terminal ERROR] 发生时间：2020年09月05日 16:43:01

[Terminal ERROR] 异常输出：
java.lang.reflect.InvocationTargetException
	at sun.reflect.NativeMethodAccessorImpl.invoke0(Native Method)
	at sun.reflect.NativeMethodAccessorImpl.invoke(Unknown Source)
	at sun.reflect.DelegatingMethodAccessorImpl.invoke(Unknown Source)
	at java.lang.reflect.Method.invoke(Unknown Source)
	at cn.newcraft.terminal.plugin.PluginManager.<init>(PluginManager.java:76)
	at cn.newcraft.terminal.console.Initialization.onTerminal(Initialization.java:75)
	at cn.newcraft.terminal.Terminal.main(Terminal.java:82)
	at sun.reflect.NativeMethodAccessorImpl.invoke0(Native Method)
	at sun.reflect.NativeMethodAccessorImpl.invoke(Unknown Source)
	at sun.reflect.DelegatingMethodAccessorImpl.invoke(Unknown Source)
	at java.lang.reflect.Method.invoke(Unknown Source)
	at com.exe4j.runtime.LauncherEngine.launch(Unknown Source)
	at com.exe4j.runtime.WinLauncher.main(Unknown Source)
Caused by: java.lang.NoSuchMethodError: cn.newcraft.terminal.screen.Screen.sendMessage(Ljava/lang/String;)V
	at cn.newcraft.testplugin.Main.onLoad(Main.java:21)
	... 13 more
 
[INFO] 2020/09/05 16:43:01: 
 ===↑=↑=↑=↑=↑=↑== 该错误并非为Terminal造成，请不要报告该错误 ==↑=↑=↑=↑=↑=↑=== 
[INFO] 2020/09/05 16:43:01: [Terminal] 创建监听连接进程完毕！ 
[INFO] 2020/09/05 16:43:01: [Terminal] 终端已全部初始化完毕！ (Version: 0.1.0)
  
[INFO] 2020/09/05 16:43:01: [Terminal] 你可输入命令 "help" 获取命令帮助 
[INFO] 2020/09/05 16:43:01: [Terminal] 输入命令 "stop" 可以安全关闭Terminal！ 
[INFO] 2020/09/05 16:43:02: Terminal Stopping... 
