[INFO] 2020/09/09 01:05:10: ---------------------------------
Terminal
       Welcome!
---------------------------------
  
[INFO] 2020/09/09 01:05:10: Terminal Starting... 
[INFO] 2020/09/09 01:05:12: 
[PluginSystem] 当前终端已安装了 1 个插件，初始化中... 
[INFO] 2020/09/09 01:05:12: [TestPlugin] Loading... 
[INFO] 2020/09/09 01:05:12: 加载中... 
[INFO] 2020/09/09 01:05:12: [Terminal] 创建监听连接进程完毕！ 
[INFO] 2020/09/09 01:05:12: 加载完毕！ author by May_Block 
[INFO] 2020/09/09 01:05:12: [TestPlugin] Loaded! 
[INFO] 2020/09/09 01:05:12: [Terminal] 终端已全部初始化完毕！ (Version: 0.1.0)
  
[INFO] 2020/09/09 01:05:12: [Terminal] 你可输入命令 "help" 获取命令帮助 
[INFO] 2020/09/09 01:05:12: [Terminal] 输入命令 "stop" 可以安全关闭Terminal！ 
[INFO] 2020/09/09 01:05:16: 
#---------- 所有命令帮助 ----------# 
[INFO] 2020/09/09 01:05:16: byte - 向外部发送一条byte信息 
[INFO] 2020/09/09 01:05:16: connect - 查看当前所有已连接的终端数量 
[INFO] 2020/09/09 01:05:16: debug - 打开/关闭DEBUG模式 
[INFO] 2020/09/09 01:05:16: help - 获取所有命令帮助 
[INFO] 2020/09/09 01:05:16: plugins - 查看当前所有已加载插件 
[INFO] 2020/09/09 01:05:16: reload - 重载所有配置文件（部分配置需要重启终端才能生效） 
[INFO] 2020/09/09 01:05:16: remote - 远程发送数据至现以连接至终端的远程服务器 
[INFO] 2020/09/09 01:05:16: stop - 关闭终端并退出 
[INFO] 2020/09/09 01:05:16: system - 对系统进行操作 
[INFO] 2020/09/09 01:05:16: testplugin - testplugin command 
[INFO] 2020/09/09 01:05:16: 
小提示：输入"help <命令>"可以查看该命令的详细用法哦
 
[INFO] 2020/09/09 01:05:22: ---- Remote 命令用法 ---- 
[INFO] 2020/09/09 01:05:22:  
[INFO] 2020/09/09 01:05:22: remote help - 查看Remote命令所有帮助 
[INFO] 2020/09/09 01:05:22: remote help operate - 查看所有的可执行操作 
[INFO] 2020/09/09 01:05:22: remote <id> <operate> - 执行指定操作 
[INFO] 2020/09/09 01:05:22: remote <id> add <byte> - 添加自定义Byte数据 
[INFO] 2020/09/09 01:05:22: remote <id> send - 添加自定义String数据 
[INFO] 2020/09/09 01:05:25: ---- 所有可执行操作 ---- 
[INFO] 2020/09/09 01:05:25:  
[INFO] 2020/09/09 01:05:25: 1. [disconnect] - 与客户端断开连接 
[INFO] 2020/09/09 01:05:29: Terminal Stopping... 
[INFO] 2020/09/09 01:05:29: 已卸载！ author by May_Block 
[INFO] 2020/09/09 01:05:29: [TestPlugin] Disabled! 
[INFO] 2020/09/09 01:18:45: ---------------------------------
Terminal
       Welcome!
---------------------------------
  
[INFO] 2020/09/09 01:18:45: Terminal Starting... 
[INFO] 2020/09/09 01:18:46: 
[PluginSystem] 当前终端已安装了 1 个插件，初始化中... 
[INFO] 2020/09/09 01:18:46: [TestPlugin] Loading... 
[INFO] 2020/09/09 01:18:46: 加载中... 
[INFO] 2020/09/09 01:18:46: [Terminal] 创建监听连接进程完毕！ 
[INFO] 2020/09/09 01:18:46: 加载完毕！ author by May_Block 
[INFO] 2020/09/09 01:18:46: [TestPlugin] Loaded! 
[INFO] 2020/09/09 01:18:46: [Terminal] 终端已全部初始化完毕！ (Version: 0.1.1)
  
[INFO] 2020/09/09 01:18:46: [Terminal] 你可输入命令 "help" 获取命令帮助 
[INFO] 2020/09/09 01:18:46: [Terminal] 输入命令 "stop" 可以安全关闭Terminal！ 
[INFO] 2020/09/09 01:18:51: Terminal Stopping... 
[INFO] 2020/09/09 01:18:51: 已卸载！ author by May_Block 
[INFO] 2020/09/09 01:18:51: [TestPlugin] Disabled! 
[INFO] 2020/09/09 13:13:47: ---------------------------------
Terminal
       Welcome!
---------------------------------
  
[INFO] 2020/09/09 13:13:47: Terminal Starting... 
[INFO] 2020/09/09 13:13:48: 
[PluginSystem] 当前终端已安装了 1 个插件，初始化中... 
[INFO] 2020/09/09 13:13:48: [TestPlugin] Loading... 
[INFO] 2020/09/09 13:13:48: 加载中... 
[INFO] 2020/09/09 13:13:48: [Terminal] 创建监听连接进程完毕！ 
[INFO] 2020/09/09 13:13:48: 加载完毕！ author by May_Block 
[INFO] 2020/09/09 13:13:48: [TestPlugin] Loaded! 
[INFO] 2020/09/09 13:13:48: [Terminal] 终端已全部初始化完毕！ (Version: 0.1.1)
  
[INFO] 2020/09/09 13:13:48: [Terminal] 你可输入命令 "help" 获取命令帮助 
[INFO] 2020/09/09 13:13:48: [Terminal] 输入命令 "stop" 可以安全关闭Terminal！ 
[INFO] 2020/09/09 13:13:51: [Terminal] 已切换主题 羊毛白 
[INFO] 2020/09/09 13:13:54: [Terminal] 已切换主题 深空灰 
[INFO] 2020/09/09 13:13:56: 已清除日志 - 2020年09月09日 13:13:56 
[INFO] 2020/09/09 13:13:58: 
#---------- 所有命令帮助 ----------# 
[INFO] 2020/09/09 13:13:58: byte - 向外部发送一条byte信息 
[INFO] 2020/09/09 13:13:58: connect - 查看当前所有已连接的终端数量 
[INFO] 2020/09/09 13:13:58: debug - 打开/关闭DEBUG模式 
[INFO] 2020/09/09 13:13:58: help - 获取所有命令帮助 
[INFO] 2020/09/09 13:13:58: plugins - 查看当前所有已加载插件 
[INFO] 2020/09/09 13:13:58: reload - 重载所有配置文件（部分配置需要重启终端才能生效） 
[INFO] 2020/09/09 13:13:58: shell - 远程发送数据至现以连接至终端的远程服务器 
[INFO] 2020/09/09 13:13:58: stop - 关闭终端并退出 
[INFO] 2020/09/09 13:13:58: system - 对系统进行操作 
[INFO] 2020/09/09 13:13:58: testplugin - testplugin command 
[INFO] 2020/09/09 13:13:58: 
小提示：输入"help <命令>"可以查看该命令的详细用法哦
 
[INFO] 2020/09/09 13:14:03: ---- shell 命令用法 ---- 
[INFO] 2020/09/09 13:14:03:  
[INFO] 2020/09/09 13:14:03: shell help - 查看Remote命令所有帮助 
[INFO] 2020/09/09 13:14:03: shell help operate - 查看所有的可执行操作 
[INFO] 2020/09/09 13:14:03: shell <id> <operate> - 执行指定操作 
[INFO] 2020/09/09 13:14:03: shell <id> add <byte> - 添加自定义Byte数据 
[INFO] 2020/09/09 13:14:03: shell <id> send - 添加自定义String数据 
[INFO] 2020/09/09 13:14:10: 已清除日志 - 2020年09月09日 13:14:10 
[INFO] 2020/09/09 13:14:11: 用法：shell help 
[INFO] 2020/09/09 13:14:13: Terminal Stopping... 
[INFO] 2020/09/09 13:14:13: 已卸载！ author by May_Block 
[INFO] 2020/09/09 13:14:13: [TestPlugin] Disabled! 
